Start testing: Aug 26 16:03 EDT
----------------------------------------------------------
1/1 Testing: runUnitTest
1/1 Test: runUnitTest
Command: "/Users/jeky/Projects/twitter_analysis/build/runUnitTest"
Directory: /Users/jeky/Projects/twitter_analysis
"runUnitTest" start time: Aug 26 16:03 EDT
Output:
----------------------------------------------------------
Running main() from gtest_main.cc
[==========] Running 1 test from 1 test case.
[----------] Global test environment set-up.
[----------] 1 test from DataTest
[ RUN      ] DataTest.User2DatasetTest
[2015-08-26 16:03:37][INFO] 200
/Users/jeky/Projects/twitter_analysis/test/unittest.cc:25: Failure
Value of: ds->at(0).hasAttribute("a")
  Actual: false
Expected: true
/Users/jeky/Projects/twitter_analysis/test/unittest.cc:27: Failure
Value of: 1
Expected: ds->at(0)["a"]
Which is: 0
/Users/jeky/Projects/twitter_analysis/test/unittest.cc:29: Failure
Value of: ds->at(199).hasAttribute("b")
  Actual: false
Expected: true
/Users/jeky/Projects/twitter_analysis/test/unittest.cc:31: Failure
Value of: 1
Expected: ds->at(199)["b"]
Which is: 0
[  FAILED  ] DataTest.User2DatasetTest (8 ms)
[----------] 1 test from DataTest (8 ms total)

[----------] Global test environment tear-down
[==========] 1 test from 1 test case ran. (9 ms total)
[  PASSED  ] 0 tests.
[  FAILED  ] 1 test, listed below:
[  FAILED  ] DataTest.User2DatasetTest

 1 FAILED TEST
<end of output>
Test time =   0.02 sec
----------------------------------------------------------
Test Failed.
"runUnitTest" end time: Aug 26 16:03 EDT
"runUnitTest" time elapsed: 00:00:00
----------------------------------------------------------

End testing: Aug 26 16:03 EDT
